# JRE version: OpenJDK Runtime Environment (11.0.2+9) (build 11.0.2+9)
# Java VM: OpenJDK 64-Bit Server VM (11.0.2+9, mixed mode, tiered, compressed oops, g1 gc, windows-amd64)
Heap:
 garbage-first heap   total 235520K, used 156891K [0x0000000740000000, 0x0000000800000000)
  region size 1024K, 20 young (20480K), 1 survivors (1024K)
 Metaspace       used 107439K, capacity 108654K, committed 113416K, reserved 1146880K
  class space    used 14206K, capacity 14683K, committed 16384K, reserved 1048576K
GC Heap History (10 events):
Event: 22249.564 GC heap before
{Heap before GC invocations=1851 (full 271):
 garbage-first heap   total 234496K, used 150385K [0x0000000740000000, 0x0000000800000000)
  region size 1024K, 15 young (15360K), 2 survivors (2048K)
 Metaspace       used 107406K, capacity 108654K, committed 113416K, reserved 1146880K
  class space    used 14206K, capacity 14683K, committed 16384K, reserved 1048576K
}
Event: 22249.625 GC heap after
{Heap after GC invocations=1852 (full 272):
 garbage-first heap   total 235520K, used 137247K [0x0000000740000000, 0x0000000800000000)
  region size 1024K, 0 young (0K), 0 survivors (0K)
 Metaspace       used 107406K, capacity 108654K, committed 113416K, reserved 1146880K
  class space    used 14206K, capacity 14683K, committed 16384K, reserved 1048576K
}
Event: 22255.368 GC heap before
{Heap before GC invocations=1852 (full 272):
 garbage-first heap   total 235520K, used 198687K [0x0000000740000000, 0x0000000800000000)
  region size 1024K, 60 young (61440K), 0 survivors (0K)
 Metaspace       used 107408K, capacity 108654K, committed 113416K, reserved 1146880K
  class space    used 14206K, capacity 14683K, committed 16384K, reserved 1048576K
}
Event: 22255.371 GC heap after
{Heap after GC invocations=1853 (full 272):
 garbage-first heap   total 235520K, used 138448K [0x0000000740000000, 0x0000000800000000)
  region size 1024K, 2 young (2048K), 2 survivors (2048K)
 Metaspace       used 107408K, capacity 108654K, committed 113416K, reserved 1146880K
  class space    used 14206K, capacity 14683K, committed 16384K, reserved 1048576K
}
Event: 22256.376 GC heap before
{Heap before GC invocations=1854 (full 272):
 garbage-first heap   total 235520K, used 158928K [0x0000000740000000, 0x0000000800000000)
  region size 1024K, 23 young (23552K), 2 survivors (2048K)
 Metaspace       used 107408K, capacity 108654K, committed 113416K, reserved 1146880K
  class space    used 14206K, capacity 14683K, committed 16384K, reserved 1048576K
}
Event: 22256.439 GC heap after
{Heap after GC invocations=1855 (full 273):
 garbage-first heap   total 235520K, used 137606K [0x0000000740000000, 0x0000000800000000)
  region size 1024K, 0 young (0K), 0 survivors (0K)
 Metaspace       used 107408K, capacity 108654K, committed 113416K, reserved 1146880K
  class space    used 14206K, capacity 14683K, committed 16384K, reserved 1048576K
}
Event: 22263.482 GC heap before
{Heap before GC invocations=1855 (full 273):
 garbage-first heap   total 235520K, used 199046K [0x0000000740000000, 0x0000000800000000)
  region size 1024K, 60 young (61440K), 0 survivors (0K)
 Metaspace       used 107408K, capacity 108654K, committed 113416K, reserved 1146880K
  class space    used 14206K, capacity 14683K, committed 16384K, reserved 1048576K
}
Event: 22263.485 GC heap after
{Heap after GC invocations=1856 (full 273):
 garbage-first heap   total 235520K, used 138257K [0x0000000740000000, 0x0000000800000000)
  region size 1024K, 1 young (1024K), 1 survivors (1024K)
 Metaspace       used 107408K, capacity 108654K, committed 113416K, reserved 1146880K
  class space    used 14206K, capacity 14683K, committed 16384K, reserved 1048576K
}
Event: 22267.009 GC heap before
{Heap before GC invocations=1857 (full 273):
 garbage-first heap   total 235520K, used 198673K [0x0000000740000000, 0x0000000800000000)
  region size 1024K, 60 young (61440K), 1 survivors (1024K)
 Metaspace       used 107437K, capacity 108654K, committed 113416K, reserved 1146880K
  class space    used 14206K, capacity 14683K, committed 16384K, reserved 1048576K
}
Event: 22267.012 GC heap after
{Heap after GC invocations=1858 (full 273):
 garbage-first heap   total 235520K, used 138459K [0x0000000740000000, 0x0000000800000000)
  region size 1024K, 1 young (1024K), 1 survivors (1024K)
 Metaspace       used 107437K, capacity 108654K, committed 113416K, reserved 1146880K
  class space    used 14206K, capacity 14683K, committed 16384K, reserved 1048576K
}

